#
# A fatal error has been detected by the Java Runtime Environment:
#
#  SIGSEGV (0xb) at pc=0x00007fff867798f2, pid=14098, tid=1811
#
# JRE version: Java(TM) SE Runtime Environment (8.0_45-b14) (build 1.8.0_45-b14)
# Java VM: Java HotSpot(TM) 64-Bit Server VM (25.45-b02 mixed mode bsd-amd64 compressed oops)
# Problematic frame:
# C  [libGPUSupportMercury.dylib+0xb8f2]  gldAttachDrawable+0x60
#
# Failed to write core dump. Core dumps have been disabled. To enable core dumping, try "ulimit -c unlimited" before starting Java again
#
# If you would like to submit a bug report, please visit:
#   http://bugreport.java.com/bugreport/crash.jsp
# The crash happened outside the Java Virtual Machine in native code.
# See problematic frame for where to report the bug.
#

---------------  T H R E A D  ---------------

Current thread (0x00007fdb5506e000):  JavaThread "AppKit Thread" daemon [_thread_in_native, id=1811, stack(0x00007fff5a9ab000,0x00007fff5b1ab000)]

siginfo: si_signo: 11 (SIGSEGV), si_code: 0 (unknown), si_addr: 0x0000000000000000

Registers:
RAX=0x6000000000000000, RBX=0x000000000000271e, RCX=0x0000000000000000, RDX=0x00007fdb53cc3a18
RSP=0x00007fff5b1a48a0, RBP=0x00007fff5b1a49a0, RSI=0x0000000000000050, RDI=0x00007fff77e26070
R8 =0x00007fdb57009e60, R9 =0x00007fdb56800000, R10=0x000000000000003c, R11=0x0000000000000206
R12=0x0000000000002718, R13=0x00007fdb559a2c00, R14=0x0000000000000050, R15=0x0000000000000000
RIP=0x00007fff867798f2, EFLAGS=0x0000000000010212, ERR=0x0000000000000000
  TRAPNO=0x000000000000000d

Top of Stack: (sp=0x00007fff5b1a48a0)
0x00007fff5b1a48a0:   00007fff5b1a4914 00007fdb53d16670
0x00007fff5b1a48b0:   ffffffffffffffff 0000206000000040
0x00007fff5b1a48c0:   00007fdb53d16688 00007fff94b2069f
0x00007fff5b1a48d0:   0000000000000000 6000000000000000
0x00007fff5b1a48e0:   0000000300000003 00007fff5b1a4a28
0x00007fff5b1a48f0:   00007fff5b1a49b4 000000000002671f
0x00007fff5b1a4900:   00007fff5b1a49ac 00007fff5b1a49b0
0x00007fff5b1a4910:   00007fff5b1a4990 00007fff89c7b168
0x00007fff5b1a4920:   0000000000000000 0000000000000277
0x00007fff5b1a4930:   0000003400001200 0000040b00000000
0x00007fff5b1a4940:   00007fff5b1a4970 00007fff89c2b03c
0x00007fff5b1a4950:   00007fff5b1a49a0 0000000000000277
0x00007fff5b1a4960:   000000001a48be56 0000000031bc5d89
0x00007fff5b1a4970:   cd00df22133c9476 00007fdb57000000
0x00007fff5b1a4980:   0000000000002718 0000000000000000
0x00007fff5b1a4990:   0000000000000050 0000000000000000
0x00007fff5b1a49a0:   00007fff5b1a49f0 00007fff8eafc7e4
0x00007fff5b1a49b0:   00007fdb57009e60 0000000000000000
0x00007fff5b1a49c0:   00007fdb53cc3a18 00007fdb53d21360
0x00007fff5b1a49d0:   0000000000000000 00007fdb549f9750
0x00007fff5b1a49e0:   00007fdb549f7800 00007fff77e26070
0x00007fff5b1a49f0:   00007fff5b1a4ae0 00007fff8df5b7ac
0x00007fff5b1a4a00:   4090e00000000000 4084000000000000
0x00007fff5b1a4a10:   4071600000000000 4084000000000000
0x00007fff5b1a4a20:   407f600000000000 0000000000000000
0x00007fff5b1a4a30:   4036000000000000 4084000000000000
0x00007fff5b1a4a40:   407e000000000000 0000000000000002
0x00007fff5b1a4a50:   0000000000000000 0000000000000004
0x00007fff5b1a4a60:   00007fdb53cc3a18 0000000000000004
0x00007fff5b1a4a70:   00007fff5b1a4ae0 00007fff8df6064c
0x00007fff5b1a4a80:   0000000400000003 00007fdb549f9750
0x00007fff5b1a4a90:   00007fdb549f9688 000000028badffff 

Instructions: (pc=0x00007fff867798f2)
0x00007fff867798d2:   48 85 d2 b8 01 00 00 00 bb 15 27 00 00 0f 44 d8
0x00007fff867798e2:   e9 7f 01 00 00 49 8b 45 08 48 89 85 38 ff ff ff
0x00007fff867798f2:   48 8b 00 48 89 85 30 ff ff ff 83 fe 4f 0f 8f fd
0x00007fff86779902:   00 00 00 48 89 d0 bb 15 27 00 00 83 fe 35 0f 84 

Register to memory mapping:

RAX=0x6000000000000000 is an unknown value
RBX=0x000000000000271e is an unknown value
RCX=0x0000000000000000 is an unknown value
RDX=0x00007fdb53cc3a18 is an unknown value
RSP=0x00007fff5b1a48a0 is pointing into the stack for thread: 0x00007fdb5506e000
RBP=0x00007fff5b1a49a0 is pointing into the stack for thread: 0x00007fdb5506e000
RSI=0x0000000000000050 is an unknown value
RDI=0x00007fff77e26070: __stack_chk_guard+0 in /usr/lib/system/libsystem_c.dylib at 0x00007fff90880000
R8 =0x00007fdb57009e60 is an unknown value
R9 =0x00007fdb56800000 is an unknown value
R10=0x000000000000003c is an unknown value
R11=0x0000000000000206 is an unknown value
R12=0x0000000000002718 is an unknown value
R13=0x00007fdb559a2c00 is an unknown value
R14=0x0000000000000050 is an unknown value
R15=0x0000000000000000 is an unknown value


Stack: [0x00007fff5a9ab000,0x00007fff5b1ab000],  sp=0x00007fff5b1a48a0,  free space=8166k
Native frames: (J=compiled Java code, j=interpreted, Vv=VM code, C=native code)
C  [libGPUSupportMercury.dylib+0xb8f2]  gldAttachDrawable+0x60
C  [GLEngine+0x167e4]  gliAttachDrawableWithOptions+0x101
C  [OpenGL+0x37ac]  glcGetIOAccelService+0xe03
C  [OpenGL+0x73f3]  CGLSetPBuffer+0xb90
C  [OpenGL+0x7716]  CGLSetSurface+0x124
C  [AppKit+0x57bf47]  NSOpenGLContextAttachOnScreenViewSurface+0x109
C  [AppKit+0x2c66ab]  -[NSOpenGLContext setView:]+0x83
C  [liblwjgl.dylib+0xa586]  -[MacOSXOpenGLView lockFocus]+0x76
C  [AppKit+0x14e775]  -[NSView _recursiveDisplayRectIfNeededIgnoringOpacity:isVisibleRect:rectIsVisibleRectForView:topView:]+0x740
C  [AppKit+0x14f7d0]  -[NSView _recursiveDisplayRectIfNeededIgnoringOpacity:isVisibleRect:rectIsVisibleRectForView:topView:]+0x179b
C  [AppKit+0x14db23]  -[NSThemeFrame _recursiveDisplayRectIfNeededIgnoringOpacity:isVisibleRect:rectIsVisibleRectForView:topView:]+0x14d
C  [AppKit+0x14a67b]  -[NSView _displayRectIgnoringOpacity:isVisibleRect:rectIsVisibleRectForView:]+0xac9
C  [AppKit+0x12907a]  -[NSView displayIfNeeded]+0x754
C  [AppKit+0x146575]  -[NSWindow displayIfNeeded]+0xe8
C  [AppKit+0x183772]  _handleWindowNeedsDisplayOrLayoutOrUpdateConstraints+0x3a8
C  [Foundation+0x67023]  __NSFireTimer+0x5f
C  [CoreFoundation+0xb5b44]  __CFRUNLOOP_IS_CALLING_OUT_TO_A_TIMER_CALLBACK_FUNCTION__+0x14
C  [CoreFoundation+0xb57d3]  __CFRunLoopDoTimer+0x423
C  [CoreFoundation+0x128d9d]  __CFRunLoopDoTimers+0x12d
C  [CoreFoundation+0x72268]  __CFRunLoopRun+0x7e8
C  [CoreFoundation+0x71838]  CFRunLoopRunSpecific+0x128
C  [HIToolbox+0x2e43f]  RunCurrentEventLoopInMode+0xeb
C  [HIToolbox+0x2e1ba]  ReceiveNextEventCommon+0x1af
C  [HIToolbox+0x2dffb]  _BlockUntilNextEventMatchingListInModeWithFilter+0x47
C  [AppKit+0x246d1]  _DPSNextEvent+0x3c4
C  [AppKit+0x23e80]  -[NSApplication nextEventMatchingMask:untilDate:inMode:dequeue:]+0xc2
C  [libosxapp.dylib+0x242a]  -[NSApplicationAWT nextEventMatchingMask:untilDate:inMode:dequeue:]+0x7c
C  [AppKit+0x17e23]  -[NSApplication run]+0x252
C  [libosxapp.dylib+0x223e]  +[NSApplicationAWT runAWTLoopWithApp:]+0x9c
C  [libawt_lwawt.dylib+0x4462b]  -[AWTStarter starter:]+0x389
C  [Foundation+0x65f4c]  __NSThreadPerformPerform+0x125
C  [CoreFoundation+0x80661]  __CFRUNLOOP_IS_CALLING_OUT_TO_A_SOURCE0_PERFORM_FUNCTION__+0x11
C  [CoreFoundation+0x727ed]  __CFRunLoopDoSources0+0x10d
C  [CoreFoundation+0x71e1f]  __CFRunLoopRun+0x39f
C  [CoreFoundation+0x71838]  CFRunLoopRunSpecific+0x128
C  [java+0x6490]  CreateExecutionEnvironment+0x367
C  [java+0x221c]  JLI_Launch+0x7a0
C  [java+0x84ed]  main+0x65
C  [java+0x1a74]  start+0x34
C  0x0000000000000006


---------------  P R O C E S S  ---------------

Java Threads: ( => current thread )
  0x00007fdb55879800 JavaThread "AWT-Shutdown" [_thread_blocked, id=23819, stack(0x000000011c0a2000,0x000000011c1a2000)]
=>0x00007fdb5506e000 JavaThread "AppKit Thread" daemon [_thread_in_native, id=1811, stack(0x00007fff5a9ab000,0x00007fff5b1ab000)]
  0x00007fdb54060000 JavaThread "Service Thread" daemon [_thread_blocked, id=18179, stack(0x000000011bb90000,0x000000011bc90000)]
  0x00007fdb5486f800 JavaThread "C1 CompilerThread2" daemon [_thread_blocked, id=17667, stack(0x000000011ba8d000,0x000000011bb8d000)]
  0x00007fdb5486f000 JavaThread "C2 CompilerThread1" daemon [_thread_blocked, id=17155, stack(0x000000011b98a000,0x000000011ba8a000)]
  0x00007fdb55805000 JavaThread "C2 CompilerThread0" daemon [_thread_blocked, id=16643, stack(0x000000011b887000,0x000000011b987000)]
  0x00007fdb55804000 JavaThread "Signal Dispatcher" daemon [_thread_blocked, id=13335, stack(0x000000011b784000,0x000000011b884000)]
  0x00007fdb54005800 JavaThread "Finalizer" daemon [_thread_blocked, id=11523, stack(0x0000000119e3c000,0x0000000119f3c000)]
  0x00007fdb5484e800 JavaThread "Reference Handler" daemon [_thread_blocked, id=11011, stack(0x0000000119d39000,0x0000000119e39000)]
  0x00007fdb5480e000 JavaThread "main" [_thread_in_native, id=4867, stack(0x000000010636a000,0x000000010646a000)]

Other Threads:
  0x00007fdb5484c000 VMThread [stack: 0x0000000119c36000,0x0000000119d36000] [id=10499]
  0x00007fdb5582e000 WatcherThread [stack: 0x000000011bc93000,0x000000011bd93000] [id=18691]

VM state:not at safepoint (normal execution)

VM Mutex/Monitor currently owned by a thread: None

Heap:
 PSYoungGen      total 18944K, used 10093K [0x00000007aab00000, 0x00000007ac000000, 0x00000007c0000000)
  eden space 16384K, 61% used [0x00000007aab00000,0x00000007ab4db718,0x00000007abb00000)
  from space 2560K, 0% used [0x00000007abd80000,0x00000007abd80000,0x00000007ac000000)
  to   space 2560K, 0% used [0x00000007abb00000,0x00000007abb00000,0x00000007abd80000)
 ParOldGen       total 44032K, used 0K [0x0000000780000000, 0x0000000782b00000, 0x00000007aab00000)
  object space 44032K, 0% used [0x0000000780000000,0x0000000780000000,0x0000000782b00000)
 Metaspace       used 6854K, capacity 7007K, committed 7168K, reserved 1056768K
  class space    used 681K, capacity 726K, committed 768K, reserved 1048576K

Card table byte_map: [0x000000011582c000,0x0000000115a2d000] byte_map_base: 0x0000000111c2c000

Marking Bits: (ParMarkBitMap*) 0x0000000105cc27a0
 Begin Bits: [0x0000000115f8f000, 0x0000000116f8f000)
 End Bits:   [0x0000000116f8f000, 0x0000000117f8f000)

Polling page: 0x0000000104bae000

CodeCache: size=245760Kb used=2952Kb max_used=2963Kb free=242807Kb
 bounds [0x000000010646c000, 0x000000010675c000, 0x000000011546c000]
 total_blobs=1121 nmethods=731 adapters=304
 compilation: enabled

Compilation events (10 events):
Event: 17.053 Thread 0x00007fdb5486f800  726       1       java.nio.HeapByteBuffer::_put (8 bytes)
Event: 17.053 Thread 0x00007fdb5486f800 nmethod 726 0x0000000106739110 code [0x0000000106739260, 0x0000000106739390]
Event: 17.055 Thread 0x00007fdb5486f800  727       3       java.nio.Buffer::nextGetIndex (38 bytes)
Event: 17.055 Thread 0x00007fdb5486f800 nmethod 727 0x000000010674f910 code [0x000000010674fa80, 0x000000010674fca8]
Event: 17.088 Thread 0x00007fdb5486f800  728       1       java.nio.HeapByteBuffer::_get (7 bytes)
Event: 17.088 Thread 0x00007fdb5486f800 nmethod 728 0x000000010674f5d0 code [0x000000010674f720, 0x000000010674f850]
Event: 17.721 Thread 0x00007fdb5486f800  729       3       java.util.IdentityHashMap::isEmpty (13 bytes)
Event: 17.722 Thread 0x00007fdb5486f800 nmethod 729 0x000000010674f250 code [0x000000010674f3c0, 0x000000010674f570]
Event: 17.722 Thread 0x00007fdb5486f800  730       3       java.util.HashSet::isEmpty (8 bytes)
Event: 17.722 Thread 0x00007fdb5486f800 nmethod 730 0x000000010674ed90 code [0x000000010674ef00, 0x000000010674f190]

GC Heap History (0 events):
No events

Deoptimization events (1 events):
Event: 0.363 Thread 0x00007fdb5506e000 Uncommon trap: reason=unstable_if action=reinterpret pc=0x00000001065b6b80 method=java.lang.String.indexOf(II)I @ 49

Internal exceptions (10 events):
Event: 0.117 Thread 0x00007fdb5480e000 Exception <a 'java/security/PrivilegedActionException'> (0x00000007aac89a40) thrown at [/Users/java_re/workspace/8-2-build-macosx-x86_64/jdk8u45/3457/hotspot/src/share/vm/prims/jvm.cpp, line 1382]
Event: 0.173 Thread 0x00007fdb5480e000 Exception <a 'java/security/PrivilegedActionException'> (0x00000007aadbf3e8) thrown at [/Users/java_re/workspace/8-2-build-macosx-x86_64/jdk8u45/3457/hotspot/src/share/vm/prims/jvm.cpp, line 1382]
Event: 0.173 Thread 0x00007fdb5480e000 Exception <a 'java/security/PrivilegedActionException'> (0x00000007aadbf5a0) thrown at [/Users/java_re/workspace/8-2-build-macosx-x86_64/jdk8u45/3457/hotspot/src/share/vm/prims/jvm.cpp, line 1382]
Event: 0.174 Thread 0x00007fdb5480e000 Exception <a 'java/security/PrivilegedActionException'> (0x00000007aadc2920) thrown at [/Users/java_re/workspace/8-2-build-macosx-x86_64/jdk8u45/3457/hotspot/src/share/vm/prims/jvm.cpp, line 1382]
Event: 0.174 Thread 0x00007fdb5480e000 Exception <a 'java/security/PrivilegedActionException'> (0x00000007aadc2ad8) thrown at [/Users/java_re/workspace/8-2-build-macosx-x86_64/jdk8u45/3457/hotspot/src/share/vm/prims/jvm.cpp, line 1382]
Event: 0.344 Thread 0x00007fdb5480e000 Exception <a 'java/io/FileNotFoundException'> (0x00000007aadc7bd0) thrown at [/Users/java_re/workspace/8-2-build-macosx-x86_64/jdk8u45/3457/hotspot/src/share/vm/prims/jni.cpp, line 709]
Event: 0.344 Thread 0x00007fdb5480e000 Exception <a 'java/io/FileNotFoundException'> (0x00000007aadc86f0) thrown at [/Users/java_re/workspace/8-2-build-macosx-x86_64/jdk8u45/3457/hotspot/src/share/vm/prims/jni.cpp, line 709]
Event: 0.407 Thread 0x00007fdb5506e000 Exception <a 'java/lang/NoSuchFieldError': method resolution failed> (0x00000007aaf5e658) thrown at [/Users/java_re/workspace/8-2-build-macosx-x86_64/jdk8u45/3457/hotspot/src/share/vm/prims/methodHandles.cpp, line 1125]
Event: 0.410 Thread 0x00007fdb5506e000 Exception <a 'java/lang/NoSuchFieldError': method resolution failed> (0x00000007aaf6ccf8) thrown at [/Users/java_re/workspace/8-2-build-macosx-x86_64/jdk8u45/3457/hotspot/src/share/vm/prims/methodHandles.cpp, line 1125]
Event: 0.653 Thread 0x00007fdb5480e000 Exception <a 'java/lang/NoClassDefFoundError': net/java/games/input/ControllerEnvironment> (0x00000007ab332eb0) thrown at [/Users/java_re/workspace/8-2-build-macosx-x86_64/jdk8u45/3457/hotspot/src/share/vm/classfile/systemDictionary.cpp, line 199]

Events (10 events):
Event: 2.093 Thread 0x00007fdb548d7000 Thread exited: 0x00007fdb548d7000
Event: 4.112 Executing VM operation: EnableBiasedLocking
Event: 4.112 Executing VM operation: EnableBiasedLocking done
Event: 5.299 Thread 0x00007fdb5594f000 Thread added: 0x00007fdb5594f000
Event: 6.303 Executing VM operation: RevokeBias
Event: 6.303 Executing VM operation: RevokeBias done
Event: 6.303 Thread 0x00007fdb5594f000 Thread exited: 0x00007fdb5594f000
Event: 15.466 Thread 0x00007fdb55879800 Thread added: 0x00007fdb55879800
Event: 18.374 loading class org/lwjgl/opengl/CallbackUtil
Event: 18.374 loading class org/lwjgl/opengl/CallbackUtil done


Dynamic libraries:
0x0000000006307000 	/System/Library/Frameworks/Cocoa.framework/Versions/A/Cocoa
0x0000000006307000 	/System/Library/Frameworks/Security.framework/Versions/A/Security
0x0000000006307000 	/System/Library/Frameworks/ApplicationServices.framework/Versions/A/ApplicationServices
0x0000000006307000 	/usr/lib/libz.1.dylib
0x0000000006307000 	/usr/lib/libSystem.B.dylib
0x0000000006307000 	/usr/lib/libobjc.A.dylib
0x0000000006307000 	/System/Library/Frameworks/CoreFoundation.framework/Versions/A/CoreFoundation
0x0000000006307000 	/System/Library/Frameworks/Foundation.framework/Versions/C/Foundation
0x0000000006307000 	/System/Library/Frameworks/AppKit.framework/Versions/C/AppKit
0x0000000006307000 	/System/Library/Frameworks/CoreData.framework/Versions/A/CoreData
0x0000000006307000 	/System/Library/PrivateFrameworks/RemoteViewServices.framework/Versions/A/RemoteViewServices
0x0000000006307000 	/System/Library/PrivateFrameworks/UIFoundation.framework/Versions/A/UIFoundation
0x0000000006307000 	/System/Library/Frameworks/IOSurface.framework/Versions/A/IOSurface
0x0000000006307000 	/System/Library/Frameworks/AudioToolbox.framework/Versions/A/AudioToolbox
0x0000000006307000 	/System/Library/Frameworks/AudioUnit.framework/Versions/A/AudioUnit
0x0000000006307000 	/System/Library/PrivateFrameworks/DataDetectorsCore.framework/Versions/A/DataDetectorsCore
0x0000000006307000 	/System/Library/PrivateFrameworks/DesktopServicesPriv.framework/Versions/A/DesktopServicesPriv
0x0000000006307000 	/System/Library/Frameworks/Carbon.framework/Versions/A/Frameworks/HIToolbox.framework/Versions/A/HIToolbox
0x0000000006307000 	/System/Library/Frameworks/QuartzCore.framework/Versions/A/QuartzCore
0x0000000006307000 	/System/Library/Frameworks/Carbon.framework/Versions/A/Frameworks/SpeechRecognition.framework/Versions/A/SpeechRecognition
0x0000000006307000 	/usr/lib/libauto.dylib
0x0000000006307000 	/usr/lib/libicucore.A.dylib
0x0000000006307000 	/usr/lib/libxml2.2.dylib
0x0000000006307000 	/System/Library/PrivateFrameworks/CoreUI.framework/Versions/A/CoreUI
0x0000000006307000 	/System/Library/Frameworks/CoreAudio.framework/Versions/A/CoreAudio
0x0000000006307000 	/System/Library/Frameworks/DiskArbitration.framework/Versions/A/DiskArbitration
0x0000000006307000 	/usr/lib/liblangid.dylib
0x0000000006307000 	/System/Library/PrivateFrameworks/MultitouchSupport.framework/Versions/A/MultitouchSupport
0x0000000006307000 	/System/Library/Frameworks/IOKit.framework/Versions/A/IOKit
0x0000000006307000 	/usr/lib/libDiagnosticMessagesClient.dylib
0x0000000006307000 	/System/Library/Frameworks/CoreServices.framework/Versions/A/CoreServices
0x0000000006307000 	/System/Library/PrivateFrameworks/PerformanceAnalysis.framework/Versions/A/PerformanceAnalysis
0x0000000006307000 	/System/Library/PrivateFrameworks/GenerationalStorage.framework/Versions/A/GenerationalStorage
0x0000000006307000 	/System/Library/Frameworks/OpenGL.framework/Versions/A/OpenGL
0x0000000006307000 	/System/Library/PrivateFrameworks/Sharing.framework/Versions/A/Sharing
0x0000000006307000 	/System/Library/Frameworks/CoreGraphics.framework/Versions/A/CoreGraphics
0x0000000006307000 	/System/Library/Frameworks/CoreText.framework/Versions/A/CoreText
0x0000000006307000 	/System/Library/Frameworks/ImageIO.framework/Versions/A/ImageIO
0x0000000006307000 	/usr/lib/libextension.dylib
0x0000000006307000 	/System/Library/PrivateFrameworks/Backup.framework/Versions/A/Backup
0x0000000006307000 	/usr/lib/libarchive.2.dylib
0x0000000006307000 	/System/Library/Frameworks/CFNetwork.framework/Versions/A/CFNetwork
0x0000000006307000 	/System/Library/Frameworks/SystemConfiguration.framework/Versions/A/SystemConfiguration
0x0000000006307000 	/usr/lib/libCRFSuite.dylib
0x0000000006307000 	/usr/lib/libc++.1.dylib
0x0000000006307000 	/usr/lib/libc++abi.dylib
0x0000000006307000 	/usr/lib/system/libcache.dylib
0x0000000006307000 	/usr/lib/system/libcommonCrypto.dylib
0x0000000006307000 	/usr/lib/system/libcompiler_rt.dylib
0x0000000006307000 	/usr/lib/system/libcopyfile.dylib
0x0000000006307000 	/usr/lib/system/libcorecrypto.dylib
0x0000000006307000 	/usr/lib/system/libdispatch.dylib
0x0000000006307000 	/usr/lib/system/libdyld.dylib
0x0000000006307000 	/usr/lib/system/libkeymgr.dylib
0x0000000006307000 	/usr/lib/system/liblaunch.dylib
0x0000000006307000 	/usr/lib/system/libmacho.dylib
0x0000000006307000 	/usr/lib/system/libquarantine.dylib
0x0000000006307000 	/usr/lib/system/libremovefile.dylib
0x0000000006307000 	/usr/lib/system/libsystem_asl.dylib
0x0000000006307000 	/usr/lib/system/libsystem_blocks.dylib
0x0000000006307000 	/usr/lib/system/libsystem_c.dylib
0x0000000006307000 	/usr/lib/system/libsystem_configuration.dylib
0x0000000006307000 	/usr/lib/system/libsystem_coreservices.dylib
0x0000000006307000 	/usr/lib/system/libsystem_coretls.dylib
0x0000000006307000 	/usr/lib/system/libsystem_dnssd.dylib
0x0000000006307000 	/usr/lib/system/libsystem_info.dylib
0x0000000006307000 	/usr/lib/system/libsystem_kernel.dylib
0x0000000006307000 	/usr/lib/system/libsystem_m.dylib
0x0000000006307000 	/usr/lib/system/libsystem_malloc.dylib
0x0000000006307000 	/usr/lib/system/libsystem_network.dylib
0x0000000006307000 	/usr/lib/system/libsystem_networkextension.dylib
0x0000000006307000 	/usr/lib/system/libsystem_notify.dylib
0x0000000006307000 	/usr/lib/system/libsystem_platform.dylib
0x0000000006307000 	/usr/lib/system/libsystem_pthread.dylib
0x0000000006307000 	/usr/lib/system/libsystem_sandbox.dylib
0x0000000006307000 	/usr/lib/system/libsystem_secinit.dylib
0x0000000006307000 	/usr/lib/system/libsystem_stats.dylib
0x0000000006307000 	/usr/lib/system/libsystem_trace.dylib
0x0000000006307000 	/usr/lib/system/libunc.dylib
0x0000000006307000 	/usr/lib/system/libunwind.dylib
0x0000000006307000 	/usr/lib/system/libxpc.dylib
0x0000000006307000 	/usr/lib/libbz2.1.0.dylib
0x0000000006307000 	/usr/lib/liblzma.5.dylib
0x0000000006307000 	/usr/lib/libbsm.0.dylib
0x0000000006307000 	/usr/lib/libsqlite3.dylib
0x0000000006307000 	/usr/lib/system/libkxld.dylib
0x0000000006307000 	/usr/lib/libxar.1.dylib
0x0000000006307000 	/usr/lib/libpam.2.dylib
0x0000000006307000 	/usr/lib/libOpenScriptingUtil.dylib
0x0000000006307000 	/System/Library/Frameworks/CoreServices.framework/Versions/A/Frameworks/FSEvents.framework/Versions/A/FSEvents
0x0000000006307000 	/System/Library/Frameworks/CoreServices.framework/Versions/A/Frameworks/CarbonCore.framework/Versions/A/CarbonCore
0x0000000006307000 	/System/Library/Frameworks/CoreServices.framework/Versions/A/Frameworks/Metadata.framework/Versions/A/Metadata
0x0000000006307000 	/System/Library/Frameworks/CoreServices.framework/Versions/A/Frameworks/OSServices.framework/Versions/A/OSServices
0x0000000006307000 	/System/Library/Frameworks/CoreServices.framework/Versions/A/Frameworks/SearchKit.framework/Versions/A/SearchKit
0x0000000006307000 	/System/Library/Frameworks/CoreServices.framework/Versions/A/Frameworks/AE.framework/Versions/A/AE
0x0000000006307000 	/System/Library/Frameworks/CoreServices.framework/Versions/A/Frameworks/LaunchServices.framework/Versions/A/LaunchServices
0x0000000006307000 	/System/Library/Frameworks/CoreServices.framework/Versions/A/Frameworks/DictionaryServices.framework/Versions/A/DictionaryServices
0x0000000006307000 	/System/Library/Frameworks/NetFS.framework/Versions/A/NetFS
0x0000000006307000 	/System/Library/PrivateFrameworks/NetAuth.framework/Versions/A/NetAuth
0x0000000006307000 	/System/Library/PrivateFrameworks/login.framework/Versions/A/Frameworks/loginsupport.framework/Versions/A/loginsupport
0x0000000006307000 	/System/Library/PrivateFrameworks/TCC.framework/Versions/A/TCC
0x0000000006307000 	/usr/lib/libmecabra.dylib
0x0000000006307000 	/System/Library/PrivateFrameworks/LanguageModeling.framework/Versions/A/LanguageModeling
0x0000000006307000 	/usr/lib/libcmph.dylib
0x0000000006307000 	/usr/lib/libiconv.2.dylib
0x0000000006307000 	/System/Library/Frameworks/OpenDirectory.framework/Versions/A/Frameworks/CFOpenDirectory.framework/Versions/A/CFOpenDirectory
0x0000000006307000 	/System/Library/Frameworks/ServiceManagement.framework/Versions/A/ServiceManagement
0x0000000006307000 	/usr/lib/libxslt.1.dylib
0x0000000006307000 	/System/Library/Frameworks/Carbon.framework/Versions/A/Frameworks/Ink.framework/Versions/A/Ink
0x0000000006307000 	/System/Library/Frameworks/ApplicationServices.framework/Versions/A/Frameworks/ATS.framework/Versions/A/ATS
0x0000000006307000 	/System/Library/Frameworks/ApplicationServices.framework/Versions/A/Frameworks/ColorSync.framework/Versions/A/ColorSync
0x0000000006307000 	/System/Library/Frameworks/ApplicationServices.framework/Versions/A/Frameworks/HIServices.framework/Versions/A/HIServices
0x0000000006307000 	/System/Library/Frameworks/ApplicationServices.framework/Versions/A/Frameworks/LangAnalysis.framework/Versions/A/LangAnalysis
0x0000000006307000 	/System/Library/Frameworks/ApplicationServices.framework/Versions/A/Frameworks/PrintCore.framework/Versions/A/PrintCore
0x0000000006307000 	/System/Library/Frameworks/ApplicationServices.framework/Versions/A/Frameworks/QD.framework/Versions/A/QD
0x0000000006307000 	/System/Library/Frameworks/ApplicationServices.framework/Versions/A/Frameworks/SpeechSynthesis.framework/Versions/A/SpeechSynthesis
0x0000000006307000 	/System/Library/Frameworks/Accelerate.framework/Versions/A/Accelerate
0x0000000006307000 	/System/Library/Frameworks/Accelerate.framework/Versions/A/Frameworks/vImage.framework/Versions/A/vImage
0x0000000006307000 	/System/Library/Frameworks/Accelerate.framework/Versions/A/Frameworks/vecLib.framework/Versions/A/vecLib
0x0000000006307000 	/System/Library/Frameworks/Accelerate.framework/Versions/A/Frameworks/vecLib.framework/Versions/A/libvDSP.dylib
0x0000000006307000 	/System/Library/Frameworks/Accelerate.framework/Versions/A/Frameworks/vecLib.framework/Versions/A/libvMisc.dylib
0x0000000006307000 	/System/Library/Frameworks/Accelerate.framework/Versions/A/Frameworks/vecLib.framework/Versions/A/libLAPACK.dylib
0x0000000006307000 	/System/Library/Frameworks/Accelerate.framework/Versions/A/Frameworks/vecLib.framework/Versions/A/libBLAS.dylib
0x0000000006307000 	/System/Library/Frameworks/Accelerate.framework/Versions/A/Frameworks/vecLib.framework/Versions/A/libLinearAlgebra.dylib
0x0000000006307000 	/System/Library/Frameworks/ApplicationServices.framework/Versions/A/Frameworks/ATS.framework/Versions/A/Resources/libFontParser.dylib
0x0000000006307000 	/System/Library/Frameworks/ApplicationServices.framework/Versions/A/Frameworks/ATS.framework/Versions/A/Resources/libFontRegistry.dylib
0x0000000006307000 	/System/Library/PrivateFrameworks/AppleVPA.framework/Versions/A/AppleVPA
0x0000000006307000 	/System/Library/PrivateFrameworks/AppleJPEG.framework/Versions/A/AppleJPEG
0x0000000006307000 	/System/Library/Frameworks/ImageIO.framework/Versions/A/Resources/libJPEG.dylib
0x0000000006307000 	/System/Library/Frameworks/ImageIO.framework/Versions/A/Resources/libTIFF.dylib
0x0000000006307000 	/System/Library/Frameworks/ImageIO.framework/Versions/A/Resources/libPng.dylib
0x0000000006307000 	/System/Library/Frameworks/ImageIO.framework/Versions/A/Resources/libGIF.dylib
0x0000000006307000 	/System/Library/Frameworks/ImageIO.framework/Versions/A/Resources/libJP2.dylib
0x0000000006307000 	/System/Library/Frameworks/ImageIO.framework/Versions/A/Resources/libRadiance.dylib
0x0000000006307000 	/System/Library/Frameworks/CoreVideo.framework/Versions/A/CoreVideo
0x0000000006307000 	/System/Library/Frameworks/OpenGL.framework/Versions/A/Libraries/libGLU.dylib
0x0000000006307000 	/System/Library/Frameworks/OpenGL.framework/Versions/A/Libraries/libGFXShared.dylib
0x0000000006307000 	/System/Library/Frameworks/OpenGL.framework/Versions/A/Libraries/libGL.dylib
0x0000000006307000 	/System/Library/Frameworks/OpenGL.framework/Versions/A/Libraries/libGLImage.dylib
0x0000000006307000 	/System/Library/Frameworks/OpenGL.framework/Versions/A/Libraries/libCVMSPluginSupport.dylib
0x0000000006307000 	/System/Library/Frameworks/OpenGL.framework/Versions/A/Libraries/libCoreVMClient.dylib
0x0000000006307000 	/usr/lib/libcups.2.dylib
0x0000000006307000 	/System/Library/Frameworks/Kerberos.framework/Versions/A/Kerberos
0x0000000006307000 	/System/Library/Frameworks/GSS.framework/Versions/A/GSS
0x0000000006307000 	/usr/lib/libresolv.9.dylib
0x0000000006307000 	/System/Library/PrivateFrameworks/Heimdal.framework/Versions/A/Heimdal
0x0000000006307000 	/usr/lib/libheimdal-asn1.dylib
0x0000000006307000 	/System/Library/Frameworks/OpenDirectory.framework/Versions/A/OpenDirectory
0x0000000006307000 	/System/Library/PrivateFrameworks/CommonAuth.framework/Versions/A/CommonAuth
0x0000000006307000 	/System/Library/Frameworks/SecurityFoundation.framework/Versions/A/SecurityFoundation
0x0000000006307000 	/System/Library/Frameworks/QuartzCore.framework/Versions/A/Frameworks/CoreImage.framework/Versions/A/CoreImage
0x0000000006307000 	/System/Library/PrivateFrameworks/CrashReporterSupport.framework/Versions/A/CrashReporterSupport
0x0000000006307000 	/System/Library/Frameworks/OpenCL.framework/Versions/A/OpenCL
0x0000000006307000 	/System/Library/PrivateFrameworks/FaceCore.framework/Versions/A/FaceCore
0x0000000006307000 	/System/Library/PrivateFrameworks/Ubiquity.framework/Versions/A/Ubiquity
0x0000000006307000 	/System/Library/PrivateFrameworks/IconServices.framework/Versions/A/IconServices
0x0000000006307000 	/System/Library/PrivateFrameworks/ChunkingLibrary.framework/Versions/A/ChunkingLibrary
0x0000000006307000 	/System/Library/PrivateFrameworks/Apple80211.framework/Versions/A/Apple80211
0x0000000006307000 	/System/Library/Frameworks/CoreWLAN.framework/Versions/A/CoreWLAN
0x0000000006307000 	/System/Library/Frameworks/IOBluetooth.framework/Versions/A/IOBluetooth
0x0000000006307000 	/System/Library/PrivateFrameworks/CoreWiFi.framework/Versions/A/CoreWiFi
0x0000000006307000 	/System/Library/Frameworks/CoreBluetooth.framework/Versions/A/CoreBluetooth
0x0000000006307000 	/System/Library/PrivateFrameworks/DebugSymbols.framework/Versions/A/DebugSymbols
0x0000000006307000 	/System/Library/PrivateFrameworks/CoreSymbolication.framework/Versions/A/CoreSymbolication
0x0000000006307000 	/System/Library/PrivateFrameworks/Symbolication.framework/Versions/A/Symbolication
0x0000000006307000 	/System/Library/PrivateFrameworks/SpeechRecognitionCore.framework/Versions/A/SpeechRecognitionCore
0x0000000105400000 	/Library/Java/JavaVirtualMachines/jdk1.8.0_45.jdk/Contents/Home/jre/lib/server/libjvm.dylib
0x0000000006307000 	/usr/lib/libstdc++.6.dylib
0x0000000104b6b000 	/Library/Java/JavaVirtualMachines/jdk1.8.0_45.jdk/Contents/Home/jre/lib/libverify.dylib
0x0000000104b79000 	/Library/Java/JavaVirtualMachines/jdk1.8.0_45.jdk/Contents/Home/jre/lib/libjava.dylib
0x0000000104bb8000 	/Library/Java/JavaVirtualMachines/jdk1.8.0_45.jdk/Contents/Home/jre/lib/libzip.dylib
0x0000000119f3e000 	/System/Library/Frameworks/JavaVM.framework/Frameworks/JavaRuntimeSupport.framework/JavaRuntimeSupport
0x0000000119f56000 	/System/Library/Frameworks/JavaVM.framework/Versions/A/Frameworks/JavaNativeFoundation.framework/Versions/A/JavaNativeFoundation
0x0000000119f6b000 	/System/Library/Frameworks/JavaVM.framework/Versions/A/JavaVM
0x0000000006307000 	/System/Library/Frameworks/Carbon.framework/Versions/A/Carbon
0x0000000119f78000 	/System/Library/PrivateFrameworks/JavaLaunching.framework/Versions/A/JavaLaunching
0x0000000006307000 	/System/Library/Frameworks/Carbon.framework/Versions/A/Frameworks/CommonPanels.framework/Versions/A/CommonPanels
0x0000000006307000 	/System/Library/Frameworks/Carbon.framework/Versions/A/Frameworks/Help.framework/Versions/A/Help
0x0000000006307000 	/System/Library/Frameworks/Carbon.framework/Versions/A/Frameworks/ImageCapture.framework/Versions/A/ImageCapture
0x0000000006307000 	/System/Library/Frameworks/Carbon.framework/Versions/A/Frameworks/OpenScripting.framework/Versions/A/OpenScripting
0x0000000006307000 	/System/Library/Frameworks/Carbon.framework/Versions/A/Frameworks/Print.framework/Versions/A/Print
0x0000000006307000 	/System/Library/Frameworks/Carbon.framework/Versions/A/Frameworks/SecurityHI.framework/Versions/A/SecurityHI
0x000000011bdeb000 	/Library/Java/JavaVirtualMachines/jdk1.8.0_45.jdk/Contents/Home/jre/lib/libawt.dylib
0x000000011be93000 	/Library/Java/JavaVirtualMachines/jdk1.8.0_45.jdk/Contents/Home/jre/lib/./libmlib_image.dylib
0x000000011bf5f000 	/Library/Java/JavaVirtualMachines/jdk1.8.0_45.jdk/Contents/Home/jre/lib/libawt_lwawt.dylib
0x000000011c013000 	/Library/Java/JavaVirtualMachines/jdk1.8.0_45.jdk/Contents/Home/jre/lib/./libosxapp.dylib
0x0000000006307000 	/System/Library/Frameworks/ExceptionHandling.framework/Versions/A/ExceptionHandling
0x0000000006307000 	/System/Library/PrivateFrameworks/CoreServicesInternal.framework/Versions/A/CoreServicesInternal
0x0000000006307000 	/System/Library/PrivateFrameworks/CloudDocs.framework/Versions/A/CloudDocs
0x0000000006307000 	/System/Library/PrivateFrameworks/CoreDuet.framework/Versions/A/CoreDuet
0x0000000006307000 	/System/Library/Frameworks/CloudKit.framework/Versions/A/CloudKit
0x0000000006307000 	/System/Library/PrivateFrameworks/ProtocolBuffer.framework/Versions/A/ProtocolBuffer
0x0000000006307000 	/System/Library/PrivateFrameworks/CoreDuetDaemonProtocol.framework/Versions/A/CoreDuetDaemonProtocol
0x0000000006307000 	/System/Library/PrivateFrameworks/CoreDuetDebugLogging.framework/Versions/A/CoreDuetDebugLogging
0x0000000006307000 	/System/Library/Frameworks/CoreLocation.framework/Versions/A/CoreLocation
0x0000000006307000 	/System/Library/Frameworks/Accounts.framework/Versions/A/Accounts
0x0000000006307000 	/System/Library/PrivateFrameworks/ApplePushService.framework/Versions/A/ApplePushService
0x0000000006307000 	/System/Library/PrivateFrameworks/GeoServices.framework/Versions/A/GeoServices
0x0000000006307000 	/System/Library/PrivateFrameworks/OAuth.framework/Versions/A/OAuth
0x0000000006307000 	/System/Library/PrivateFrameworks/CoreDaemon.framework/Versions/B/CoreDaemon
0x0000000006307000 	/usr/lib/libcrypto.0.9.8.dylib
0x0000000006307000 	/System/Library/PrivateFrameworks/AppleSRP.framework/Versions/A/AppleSRP
0x0000000006307000 	/System/Library/PrivateFrameworks/TrustEvaluationAgent.framework/Versions/A/TrustEvaluationAgent
0x0000000006307000 	/System/Library/Frameworks/CoreGraphics.framework/Versions/A/Resources/libCGCMS.A.dylib
0x0000000006307000 	/System/Library/Frameworks/CoreGraphics.framework/Versions/A/Resources/libRIP.A.dylib
0x0000000006307000 	/System/Library/Frameworks/CoreGraphics.framework/Versions/A/Resources/libCGXType.A.dylib
0x0000000006307000 	/System/Library/Frameworks/OpenCL.framework/Versions/A/Libraries/libcldcpuengine.dylib
0x0000000006307000 	/System/Library/PrivateFrameworks/DiskImages.framework/Versions/A/DiskImages
0x0000000006307000 	/System/Library/Frameworks/DiscRecording.framework/Versions/A/DiscRecording
0x0000000006307000 	/usr/lib/libcsfde.dylib
0x0000000006307000 	/usr/lib/libcurl.4.dylib
0x0000000006307000 	/System/Library/PrivateFrameworks/MediaKit.framework/Versions/A/MediaKit
0x0000000006307000 	/System/Library/PrivateFrameworks/ProtectedCloudStorage.framework/Versions/A/ProtectedCloudStorage
0x0000000006307000 	/usr/lib/libCoreStorage.dylib
0x0000000006307000 	/System/Library/PrivateFrameworks/EFILogin.framework/Versions/A/EFILogin
0x0000000006307000 	/usr/lib/libutil.dylib
0x0000000006307000 	/System/Library/PrivateFrameworks/FindMyDevice.framework/Versions/A/FindMyDevice
0x0000000006307000 	/System/Library/Frameworks/LDAP.framework/Versions/A/LDAP
0x0000000006307000 	/usr/lib/libsasl2.2.dylib
0x000000011ec74000 	cl_kernels
0x000000011ec76000 	/System/Library/Frameworks/OpenCL.framework/Versions/A/Libraries/ImageFormats/unorm8_bgra.dylib
0x000000011eda0000 	cl_kernels
0x0000000006307000 	/System/Library/PrivateFrameworks/FamilyControls.framework/Versions/A/FamilyControls
0x0000000006307000 	/System/Library/PrivateFrameworks/CommerceKit.framework/Versions/A/Frameworks/CommerceCore.framework/Versions/A/CommerceCore
0x0000000006307000 	/System/Library/PrivateFrameworks/SystemAdministration.framework/Versions/A/SystemAdministration
0x0000000006307000 	/System/Library/PrivateFrameworks/AppContainer.framework/Versions/A/AppContainer
0x0000000006307000 	/System/Library/PrivateFrameworks/SecCodeWrapper.framework/Versions/A/SecCodeWrapper
0x0000000006307000 	/System/Library/Frameworks/DirectoryService.framework/Versions/A/DirectoryService
0x0000000006307000 	/System/Library/PrivateFrameworks/LoginUIKit.framework/Versions/A/Frameworks/LoginUICore.framework/Versions/A/LoginUICore
0x0000000006307000 	/usr/lib/libodfde.dylib
0x000000011fed1000 	/Library/Java/JavaVirtualMachines/jdk1.8.0_45.jdk/Contents/Home/jre/lib/libfontmanager.dylib
0x000000011ff38000 	/Users/iBGEnt/git/evosim/libs/natives/liblwjgl.dylib
0x000000011e1a6000 	/Library/Java/JavaVirtualMachines/jdk1.8.0_45.jdk/Contents/Home/jre/lib/libjawt.dylib
0x0000000006307000 	/System/Library/Frameworks/OpenGL.framework/Versions/A/Resources/GLEngine.bundle/GLEngine
0x0000000006307000 	/System/Library/Frameworks/OpenGL.framework/Versions/A/Libraries/libGLProgrammability.dylib
0x0000000000000000 	/System/Library/Extensions/AppleIntelHD4000GraphicsGLDriver.bundle/Contents/MacOS/AppleIntelHD4000GraphicsGLDriver
0x0000000006307000 	/System/Library/PrivateFrameworks/IOAccelerator.framework/Versions/A/IOAccelerator
0x0000000006307000 	/System/Library/PrivateFrameworks/GPUSupport.framework/Versions/A/Libraries/libGPUSupportMercury.dylib
0x0000000006307000 	/System/Library/Frameworks/OpenGL.framework/Versions/A/Resources/GLRendererFloat.bundle/GLRendererFloat

VM Arguments:
jvm_args: -Djava.library.path=/Users/iBGEnt/git/evosim/libs/natives -Dfile.encoding=UTF-8 
java_command: com.pickens.main.Main
java_class_path (initial): /Users/iBGEnt/git/evosim/bin:/Users/iBGEnt/git/evosim/libs/lwjgl.jar:/Users/iBGEnt/git/evosim/libs/slick.jar
Launcher Type: SUN_STANDARD

Environment Variables:
PATH=/usr/bin:/bin:/usr/sbin:/sbin
SHELL=/bin/bash
DISPLAY=/private/tmp/com.apple.launchd.kCOkrLmnbv/org.macosforge.xquartz:0

Signal Handlers:
SIGSEGV: [libjvm.dylib+0x58ef95], sa_mask[0]=11111111011111110111111111111111, sa_flags=SA_ONSTACK|SA_RESTART|SA_SIGINFO
SIGBUS: [libjvm.dylib+0x58ef95], sa_mask[0]=11111111011111110111111111111111, sa_flags=SA_RESTART|SA_SIGINFO
SIGFPE: [libjvm.dylib+0x46c108], sa_mask[0]=11111111011111110111111111111111, sa_flags=SA_RESTART|SA_SIGINFO
SIGPIPE: [libjvm.dylib+0x46c108], sa_mask[0]=11111111011111110111111111111111, sa_flags=SA_RESTART|SA_SIGINFO
SIGXFSZ: [libjvm.dylib+0x46c108], sa_mask[0]=11111111011111110111111111111111, sa_flags=SA_RESTART|SA_SIGINFO
SIGILL: [libjvm.dylib+0x46c108], sa_mask[0]=11111111011111110111111111111111, sa_flags=SA_RESTART|SA_SIGINFO
SIGUSR1: SIG_DFL, sa_mask[0]=00000000000000000000000000000000, sa_flags=none
SIGUSR2: [libjvm.dylib+0x46bc26], sa_mask[0]=00100000000000000000000000000000, sa_flags=SA_RESTART|SA_SIGINFO
SIGHUP: [libjvm.dylib+0x46a1f9], sa_mask[0]=11111111011111110111111111111111, sa_flags=SA_RESTART|SA_SIGINFO
SIGINT: [libjvm.dylib+0x46a1f9], sa_mask[0]=11111111011111110111111111111111, sa_flags=SA_RESTART|SA_SIGINFO
SIGTERM: [libjvm.dylib+0x46a1f9], sa_mask[0]=11111111011111110111111111111111, sa_flags=SA_RESTART|SA_SIGINFO
SIGQUIT: [libjvm.dylib+0x46a1f9], sa_mask[0]=11111111011111110111111111111111, sa_flags=SA_RESTART|SA_SIGINFO


---------------  S Y S T E M  ---------------

OS:Bsduname:Darwin 14.0.0 Darwin Kernel Version 14.0.0: Fri Sep 19 00:26:44 PDT 2014; root:xnu-2782.1.97~2/RELEASE_X86_64 x86_64
rlimit: STACK 8192k, CORE 0k, NPROC 709, NOFILE 10240, AS infinity
load average:1.89 1.78 1.83

CPU:total 4 (2 cores per cpu, 2 threads per core) family 6 model 58 stepping 9, cmov, cx8, fxsr, mmx, sse, sse2, sse3, ssse3, sse4.1, sse4.2, popcnt, avx, aes, clmul, erms, ht, tsc, tscinvbit, tscinv

Memory: 4k page, physical 4194304k(88836k free)

/proc/meminfo:


vm_info: Java HotSpot(TM) 64-Bit Server VM (25.45-b02) for bsd-amd64 JRE (1.8.0_45-b14), built on Apr 10 2015 10:46:38 by "java_re" with gcc 4.2.1 (Based on Apple Inc. build 5658) (LLVM build 2336.11.00)

time: Tue Oct  3 17:54:20 2017
elapsed time: 18 seconds (0d 0h 0m 18s)

